<?xml version="1.0" encoding="UTF-8"?>
<testsuite xmlns:xsi="http://www.w3.org/2001/XMLSchema-instance" xsi:noNamespaceSchemaLocation="https://maven.apache.org/surefire/maven-surefire-plugin/xsd/surefire-test-report-3.0.xsd" version="3.0" name="com.pahanasolutions.PahanaEdu.dao.CustomerDaoTest" time="0.071" tests="4" errors="0" skipped="0" failures="0">
  <properties>
[...]
</properties>
  <testcase name="testGetCustomerById" classname="com.pahanasolutions.PahanaEdu.dao.CustomerDaoTest" time="0.002"/>
  <testcase name="testDeleteCustomerSuccess" classname="com.pahanasolutions.PahanaEdu.dao.CustomerDaoTest" time="0.001"/>
  <testcase name="testUpdateCustomerSuccess" classname="com.pahanasolutions.PahanaEdu.dao.CustomerDaoTest" time="0.003"/>
  <testcase name="testAddCustomerSuccess" classname="com.pahanasolutions.PahanaEdu.dao.CustomerDaoTest" time="0.063"/>
</testsuite>